[debug] [2022-05-18T02:33:26.356Z] ----------------------------------------------------------------------
[debug] [2022-05-18T02:33:26.360Z] Command:       C:\Program Files\nodejs\node.exe C:\Users\yagor\AppData\Roaming\npm\node_modules\firebase-tools\lib\bin\firebase.js init
[debug] [2022-05-18T02:33:26.362Z] CLI Version:   10.9.2
[debug] [2022-05-18T02:33:26.362Z] Platform:      win32
[debug] [2022-05-18T02:33:26.362Z] Node Version:  v16.14.2
[debug] [2022-05-18T02:33:26.363Z] Time:          Tue May 17 2022 23:33:26 GMT-0300 (Horário Padrão de Brasília)
[debug] [2022-05-18T02:33:26.364Z] ----------------------------------------------------------------------
[debug] 
[debug] [2022-05-18T02:33:26.373Z] > command requires scopes: ["email","openid","https://www.googleapis.com/auth/cloudplatformprojects.readonly","https://www.googleapis.com/auth/firebase","https://www.googleapis.com/auth/cloud-platform"]
[debug] [2022-05-18T02:33:26.374Z] > authorizing via signed-in user (yagormouro@gmail.com)
[info] 
     ######## #### ########  ######## ########     ###     ######  ########
     ##        ##  ##     ## ##       ##     ##  ##   ##  ##       ##
     ######    ##  ########  ######   ########  #########  ######  ######
     ##        ##  ##    ##  ##       ##     ## ##     ##       ## ##
     ##       #### ##     ## ######## ########  ##     ##  ######  ########

You're about to initialize a Firebase project in this directory:

  C:\Users\yagor\Testes\letmeask

[info] 
=== Project Setup
[info] 
[info] First, let's associate this project directory with a Firebase project.
[info] You can create multiple project aliases by running firebase use --add, 
[info] but for now we'll just set up a default project.
[info] 
[debug] [2022-05-18T02:35:04.963Z] >>> [apiv2][query] GET https://firebase.googleapis.com/v1beta1/projects pageSize=100
[debug] [2022-05-18T02:35:06.203Z] <<< [apiv2][status] GET https://firebase.googleapis.com/v1beta1/projects 200
[debug] [2022-05-18T02:35:06.204Z] <<< [apiv2][body] GET https://firebase.googleapis.com/v1beta1/projects [omitted]
[info] i  Using project letmeask-24f1d (letmeask) 
[info] 
=== Database Setup
[info] i  database: ensuring required API firebasedatabase.googleapis.com is enabled... 
[debug] [2022-05-18T02:35:09.034Z] >>> [apiv2][query] GET https://serviceusage.googleapis.com/v1/projects/letmeask-24f1d/services/firebasedatabase.googleapis.com [none]
[debug] [2022-05-18T02:35:10.217Z] <<< [apiv2][status] GET https://serviceusage.googleapis.com/v1/projects/letmeask-24f1d/services/firebasedatabase.googleapis.com 200
[debug] [2022-05-18T02:35:10.218Z] <<< [apiv2][body] GET https://serviceusage.googleapis.com/v1/projects/letmeask-24f1d/services/firebasedatabase.googleapis.com [omitted]
[info] +  database: required API firebasedatabase.googleapis.com is enabled 
[info] 
[debug] [2022-05-18T02:35:10.222Z] > refreshing access token with scopes: ["email","https://www.googleapis.com/auth/cloud-platform","https://www.googleapis.com/auth/cloudplatformprojects.readonly","https://www.googleapis.com/auth/firebase","openid"]
[debug] [2022-05-18T02:35:10.223Z] >>> HTTP REQUEST POST https://www.googleapis.com/oauth2/v3/token  
 <request body omitted>
[debug] [2022-05-18T02:35:10.392Z] <<< HTTP RESPONSE 200 {"date":"Wed, 18 May 2022 02:35:10 GMT","cache-control":"no-cache, no-store, max-age=0, must-revalidate","expires":"Mon, 01 Jan 1990 00:00:00 GMT","pragma":"no-cache","content-type":"application/json; charset=utf-8","vary":"X-Origin, Referer, Origin,Accept-Encoding","server":"scaffolding on HTTPServer2","x-xss-protection":"0","x-frame-options":"SAMEORIGIN","x-content-type-options":"nosniff","alt-svc":"h3=\":443\"; ma=2592000,h3-29=\":443\"; ma=2592000,h3-Q050=\":443\"; ma=2592000,h3-Q046=\":443\"; ma=2592000,h3-Q043=\":443\"; ma=2592000,quic=\":443\"; ma=2592000; v=\"46,43\"","accept-ranges":"none","transfer-encoding":"chunked"}
[debug] [2022-05-18T02:35:10.405Z] >>> HTTP REQUEST GET https://firebasedatabase.googleapis.com/v1beta/projects/letmeask-24f1d/locations/-/instances/letmeask-24f1d-default-rtdb  
 
[debug] [2022-05-18T02:35:11.571Z] <<< HTTP RESPONSE 200 {"content-type":"application/json; charset=UTF-8","vary":"X-Origin, Referer, Origin,Accept-Encoding","date":"Wed, 18 May 2022 02:35:11 GMT","server":"ESF","cache-control":"private","x-xss-protection":"0","x-frame-options":"SAMEORIGIN","x-content-type-options":"nosniff","alt-svc":"h3=\":443\"; ma=2592000,h3-29=\":443\"; ma=2592000,h3-Q050=\":443\"; ma=2592000,h3-Q046=\":443\"; ma=2592000,h3-Q043=\":443\"; ma=2592000,quic=\":443\"; ma=2592000; v=\"46,43\"","accept-ranges":"none","transfer-encoding":"chunked"}
[info] 
[info] Firebase Realtime Database Security Rules allow you to define how your data should be
[info] structured and when your data can be read from and written to.
[info] 
[debug] [2022-05-18T02:35:35.260Z] >>> HTTP REQUEST GET https://letmeask-24f1d-default-rtdb.firebaseio.com/.settings/rules.json  
 
[debug] [2022-05-18T02:35:35.890Z] <<< HTTP RESPONSE 200 {"server":"nginx","date":"Wed, 18 May 2022 02:35:35 GMT","content-type":"application/json; charset=utf-8","content-length":"593","connection":"keep-alive","access-control-allow-origin":"*","cache-control":"no-cache","strict-transport-security":"max-age=31556926; includeSubDomains; preload"}
[info] +  Database Rules for letmeask-24f1d-default-rtdb have been written to database.rules.json. 
[info] Future modifications to database.rules.json will update Realtime Database Security Rules when you run
[info] firebase deploy.
[info] 
=== Hosting Setup
[info] 
[info] Your public directory is the folder (relative to your project directory) that
[info] will contain Hosting assets to be uploaded with firebase deploy. If you
[info] have a build process for your assets, use your build's output directory.
[info] 
[debug] [2022-05-18T02:38:50.136Z] >>> [apiv2][query] GET https://www.gstatic.com/firebasejs/releases.json [none]
[debug] [2022-05-18T02:38:50.291Z] <<< [apiv2][status] GET https://www.gstatic.com/firebasejs/releases.json 200
[debug] [2022-05-18T02:38:50.291Z] <<< [apiv2][body] GET https://www.gstatic.com/firebasejs/releases.json {"current":{"version":"9.8.1","browserURL":"https://www.gstatic.com/firebasejs/9.8.1/firebase.js","packageURL":"https://www.gstatic.com/firebasejs/9.8.1/firebase.tgz"},"live":{"version":"9.8","browserURL":"https://www.gstatic.com/firebasejs/live/9.8/firebase.js","packageURL":"https://www.gstatic.com/firebasejs/live/9.8/firebase.tgz"},"components":{"analytics":"https://www.gstatic.com/firebasejs/9.8.1/firebase-analytics.js","app":"https://www.gstatic.com/firebasejs/9.8.1/firebase-app.js","app-check":"https://www.gstatic.com/firebasejs/9.8.1/firebase-app-check.js","auth":"https://www.gstatic.com/firebasejs/9.8.1/firebase-auth.js","auth/cordova":"https://www.gstatic.com/firebasejs/9.8.1/firebase-auth/cordova.js","auth/react-native":"https://www.gstatic.com/firebasejs/9.8.1/firebase-auth/react-native.js","functions":"https://www.gstatic.com/firebasejs/9.8.1/firebase-functions.js","firestore":"https://www.gstatic.com/firebasejs/9.8.1/firebase-firestore.js","firestore/lite":"https://www.gstatic.com/firebasejs/9.8.1/firebase-firestore/lite.js","storage":"https://www.gstatic.com/firebasejs/9.8.1/firebase-storage.js","performance":"https://www.gstatic.com/firebasejs/9.8.1/firebase-performance.js","remote-config":"https://www.gstatic.com/firebasejs/9.8.1/firebase-remote-config.js","messaging":"https://www.gstatic.com/firebasejs/9.8.1/firebase-messaging.js","messaging/sw":"https://www.gstatic.com/firebasejs/9.8.1/firebase-messaging/sw.js","database":"https://www.gstatic.com/firebasejs/9.8.1/firebase-database.js","firestore.memory":"https://www.gstatic.com/firebasejs/9.8.1/firebase-firestore.memory.js"}}
[info] +  Wrote build/index.html 
[info] 
[info] i  Detected a .git folder at C:\Users\yagor\Testes\letmeask 
[info] i  Authorizing with GitHub to upload your service account to a GitHub repository's secrets store. 
[info] 
[info] Visit this URL on this device to log in:
[info] https://github.com/login/oauth/authorize?client_id=89cf50f02ac6aaed3484&state=724620744&redirect_uri=http%3A%2F%2Flocalhost%3A9005&scope=read%3Auser%20repo%20public_repo
[info] 
[info] Waiting for authentication...
[debug] [2022-05-18T02:38:58.657Z] >>> HTTP REQUEST POST https://github.com/login/oauth/access_token  
 {"client_id":"89cf50f02ac6aaed3484","client_secret":"3330d14abc895d9a74d5f17cd7a00711fa2c5bf0","code":"e91d302e547a27c778ad","redirect_uri":"http://localhost:9005","state":"724620744"}
[debug] [2022-05-18T02:38:58.931Z] <<< HTTP RESPONSE 200 {"server":"GitHub.com","date":"Wed, 18 May 2022 02:38:58 GMT","content-type":"application/json; charset=utf-8","transfer-encoding":"chunked","vary":"X-PJAX, X-PJAX-Container, Turbo-Visit, Turbo-Frame, Accept-Encoding, Accept, X-Requested-With","permissions-policy":"interest-cohort=()","etag":"W/\"5f65cf7e0cad61f316f0e99437238fc6\"","cache-control":"max-age=0, private, must-revalidate","strict-transport-security":"max-age=31536000; includeSubdomains; preload","x-frame-options":"deny","x-content-type-options":"nosniff","x-xss-protection":"0","referrer-policy":"origin-when-cross-origin, strict-origin-when-cross-origin","expect-ct":"max-age=2592000, report-uri=\"https://api.github.com/_private/browser/errors\"","content-security-policy":"default-src 'none'; base-uri 'self'; block-all-mixed-content; child-src github.com/assets-cdn/worker/ gist.github.com/assets-cdn/worker/; connect-src 'self' uploads.github.com objects-origin.githubusercontent.com www.githubstatus.com collector.github.com raw.githubusercontent.com api.github.com github-cloud.s3.amazonaws.com github-production-repository-file-5c1aeb.s3.amazonaws.com github-production-upload-manifest-file-7fdce7.s3.amazonaws.com github-production-user-asset-6210df.s3.amazonaws.com cdn.optimizely.com logx.optimizely.com/v1/events translator.github.com *.actions.githubusercontent.com wss://*.actions.githubusercontent.com online.visualstudio.com/api/v1/locations github-production-repository-image-32fea6.s3.amazonaws.com github-production-release-asset-2e65be.s3.amazonaws.com insights.github.com wss://alive.github.com; font-src github.githubassets.com; form-action 'self' github.com gist.github.com objects-origin.githubusercontent.com; frame-ancestors 'none'; frame-src render.githubusercontent.com viewscreen.githubusercontent.com notebooks.githubusercontent.com; img-src 'self' data: github.githubassets.com identicons.github.com github-cloud.s3.amazonaws.com secured-user-images.githubusercontent.com/ *.githubusercontent.com; manifest-src 'self'; media-src github.com user-images.githubusercontent.com/; script-src github.githubassets.com; style-src 'unsafe-inline' github.githubassets.com; worker-src github.com/assets-cdn/worker/ gist.github.com/assets-cdn/worker/","x-github-request-id":"E510:6FF3:F27F2:114C4A:62845C42"}
[debug] [2022-05-18T02:38:58.940Z] >>> [apiv2][query] GET https://api.github.com/user [none]
[debug] [2022-05-18T02:38:59.279Z] <<< [apiv2][status] GET https://api.github.com/user 200
[debug] [2022-05-18T02:38:59.279Z] <<< [apiv2][body] GET https://api.github.com/user {"login":"yagomouro","id":77462373,"node_id":"MDQ6VXNlcjc3NDYyMzcz","avatar_url":"https://avatars.githubusercontent.com/u/77462373?v=4","gravatar_id":"","url":"https://api.github.com/users/yagomouro","html_url":"https://github.com/yagomouro","followers_url":"https://api.github.com/users/yagomouro/followers","following_url":"https://api.github.com/users/yagomouro/following{/other_user}","gists_url":"https://api.github.com/users/yagomouro/gists{/gist_id}","starred_url":"https://api.github.com/users/yagomouro/starred{/owner}{/repo}","subscriptions_url":"https://api.github.com/users/yagomouro/subscriptions","organizations_url":"https://api.github.com/users/yagomouro/orgs","repos_url":"https://api.github.com/users/yagomouro/repos","events_url":"https://api.github.com/users/yagomouro/events{/privacy}","received_events_url":"https://api.github.com/users/yagomouro/received_events","type":"User","site_admin":false,"name":"Yago Mouro","company":null,"blog":"https://www.linkedin.com/in/yagomouro/","location":"Brazil","email":null,"hireable":true,"bio":"Front-End Developer | Cursando Sistemas para Internet | HTML | CSS | JavaScript","twitter_username":null,"public_repos":12,"public_gists":1,"followers":24,"following":37,"created_at":"2021-01-14T19:53:17Z","updated_at":"2022-05-13T17:26:07Z","private_gists":1,"total_private_repos":1,"owned_private_repos":1,"disk_usage":20578,"collaborators":0,"two_factor_authentication":true,"plan":{"name":"pro","space":976562499,"collaborators":0,"private_repos":9999}}
[info] 
[info] +  Success! Logged into GitHub as yagomouro 
[info] 
